0 info it worked if it ends with ok
1 verbose cli [ '/usr/local/bin/node',
1 verbose cli   '/usr/local/bin/npm',
1 verbose cli   'install',
1 verbose cli   '-g',
1 verbose cli   'fis-plus' ]
2 info using npm@1.4.28
3 info using node@v0.10.33
4 verbose cache add [ 'fis-plus', null ]
5 verbose cache add name=undefined spec="fis-plus" args=["fis-plus",null]
6 verbose parsed url { protocol: null,
6 verbose parsed url   slashes: null,
6 verbose parsed url   auth: null,
6 verbose parsed url   host: null,
6 verbose parsed url   port: null,
6 verbose parsed url   hostname: null,
6 verbose parsed url   hash: null,
6 verbose parsed url   search: null,
6 verbose parsed url   query: null,
6 verbose parsed url   pathname: 'fis-plus',
6 verbose parsed url   path: 'fis-plus',
6 verbose parsed url   href: 'fis-plus' }
7 silly lockFile 703d24f7-fis-plus fis-plus
8 verbose lock fis-plus /home/vein/.npm/703d24f7-fis-plus.lock
9 silly lockFile 703d24f7-fis-plus fis-plus
10 silly lockFile 703d24f7-fis-plus fis-plus
11 verbose addNamed [ 'fis-plus', '' ]
12 verbose addNamed [ null, '*' ]
13 silly lockFile fc597526-fis-plus fis-plus@
14 verbose lock fis-plus@ /home/vein/.npm/fc597526-fis-plus.lock
15 silly addNameRange { name: 'fis-plus', range: '*', hasData: false }
16 verbose request where is /fis-plus
17 verbose request registry https://registry.npmjs.org/
18 verbose request id 7907e13a3eecc260
19 verbose url raw /fis-plus
20 verbose url resolving [ 'https://registry.npmjs.org/', './fis-plus' ]
21 verbose url resolved https://registry.npmjs.org/fis-plus
22 verbose request where is https://registry.npmjs.org/fis-plus
23 info trying registry request attempt 1 at 17:47:29
24 verbose etag "30NS8S8LIUM2AOJUHQLA2WHQ3"
25 http GET https://registry.npmjs.org/fis-plus
26 http 304 https://registry.npmjs.org/fis-plus
27 silly registry.get cb [ 304,
27 silly registry.get   { date: 'Tue, 30 Dec 2014 09:47:31 GMT',
27 silly registry.get     server: 'Apache',
27 silly registry.get     via: '1.1 varnish',
27 silly registry.get     'last-modified': 'Tue, 30 Dec 2014 09:47:31 GMT',
27 silly registry.get     'cache-control': 'max-age=60',
27 silly registry.get     etag: '"30NS8S8LIUM2AOJUHQLA2WHQ3"',
27 silly registry.get     age: '0',
27 silly registry.get     'x-served-by': 'cache-ty67-TYO',
27 silly registry.get     'x-cache': 'MISS',
27 silly registry.get     'x-cache-hits': '0',
27 silly registry.get     'x-timer': 'S1419932851.037497,VS0,VE272',
27 silly registry.get     vary: 'Accept',
27 silly registry.get     'content-length': '0',
27 silly registry.get     'keep-alive': 'timeout=10, max=50',
27 silly registry.get     connection: 'Keep-Alive' } ]
28 verbose etag https://registry.npmjs.org/fis-plus from cache
29 silly addNameRange number 2 { name: 'fis-plus', range: '*', hasData: true }
30 silly addNameRange versions [ 'fis-plus',
30 silly addNameRange   [ '0.4.6',
30 silly addNameRange     '0.4.7',
30 silly addNameRange     '0.4.8',
30 silly addNameRange     '0.4.9',
30 silly addNameRange     '0.5.0',
30 silly addNameRange     '0.5.1',
30 silly addNameRange     '0.5.2',
30 silly addNameRange     '0.5.3',
30 silly addNameRange     '0.5.4',
30 silly addNameRange     '0.5.5',
30 silly addNameRange     '0.5.6',
30 silly addNameRange     '0.5.7',
30 silly addNameRange     '0.5.8',
30 silly addNameRange     '0.5.9',
30 silly addNameRange     '0.6.0',
30 silly addNameRange     '0.6.1',
30 silly addNameRange     '0.6.2',
30 silly addNameRange     '0.6.3',
30 silly addNameRange     '0.6.4',
30 silly addNameRange     '0.6.5',
30 silly addNameRange     '0.6.6',
30 silly addNameRange     '0.6.7',
30 silly addNameRange     '0.6.8',
30 silly addNameRange     '0.6.9',
30 silly addNameRange     '0.7.0',
30 silly addNameRange     '0.7.1',
30 silly addNameRange     '0.7.2' ] ]
31 verbose addNamed [ 'fis-plus', '0.7.2' ]
32 verbose addNamed [ '0.7.2', '0.7.2' ]
33 silly lockFile b847ebf5-fis-plus-0-7-2 fis-plus@0.7.2
34 verbose lock fis-plus@0.7.2 /home/vein/.npm/b847ebf5-fis-plus-0-7-2.lock
35 silly lockFile b847ebf5-fis-plus-0-7-2 fis-plus@0.7.2
36 silly lockFile b847ebf5-fis-plus-0-7-2 fis-plus@0.7.2
37 silly lockFile fc597526-fis-plus fis-plus@
38 silly lockFile fc597526-fis-plus fis-plus@
39 silly resolved [ { name: 'fis-plus',
39 silly resolved     version: '0.7.2',
39 silly resolved     description: 'Front End Integrated Solution for PC',
39 silly resolved     main: 'fis-plus.js',
39 silly resolved     bin:
39 silly resolved      { 'fis-plus': 'bin/fis-plus',
39 silly resolved        'fis-pc': 'bin/fis-plus',
39 silly resolved        fisp: 'bin/fis-plus' },
39 silly resolved     scripts: { test: 'echo "Error: no test specified" && exit 1' },
39 silly resolved     repository: { type: 'git', url: 'https://github.com/fex-team/fis-plus.git' },
39 silly resolved     dependencies:
39 silly resolved      { fis: '1.7.16',
39 silly resolved        'fis-preprocessor-extlang': '0.0.8',
39 silly resolved        'fis-prepackager-widget-inline': '0.0.9',
39 silly resolved        'fis-postprocessor-require-async': '0.0.8',
39 silly resolved        'fis-optimizer-smarty-xss': '0.1.3',
39 silly resolved        'fis-optimizer-html-compress': '0.0.7',
39 silly resolved        'fis-parser-bdtmpl': '0.0.3',
39 silly resolved        'fis-parser-less': '0.1.1',
39 silly resolved        'fis-parser-po': '0.0.1',
39 silly resolved        'fis-prepackager-js-i18n': '0.0.2',
39 silly resolved        'fisp-command-install': '*' },
39 silly resolved     keywords: [ 'fis', 'fis-pc', 'fis-plus' ],
39 silly resolved     author: { name: 'fis' },
39 silly resolved     license: 'MIT',
39 silly resolved     gitHead: 'f4dbca0bcce714d298176c535d8e9fb1dcfe4292',
39 silly resolved     bugs: { url: 'https://github.com/fex-team/fis-plus/issues' },
39 silly resolved     homepage: 'https://github.com/fex-team/fis-plus',
39 silly resolved     _id: 'fis-plus@0.7.2',
39 silly resolved     _shasum: 'f7a7433a2f22fce217fd81db5b43833411a1d979',
39 silly resolved     _from: 'fis-plus@',
39 silly resolved     _npmVersion: '2.0.0-alpha-5',
39 silly resolved     _npmUser: { name: 'fis-dev', email: 'fansekey@gmail.com' },
39 silly resolved     maintainers: [ [Object], [Object], [Object], [Object] ],
39 silly resolved     dist:
39 silly resolved      { shasum: 'f7a7433a2f22fce217fd81db5b43833411a1d979',
39 silly resolved        tarball: 'http://registry.npmjs.org/fis-plus/-/fis-plus-0.7.2.tgz' },
39 silly resolved     directories: {},
39 silly resolved     _resolved: 'https://registry.npmjs.org/fis-plus/-/fis-plus-0.7.2.tgz',
39 silly resolved     readme: 'ERROR: No README data found!' } ]
40 info install fis-plus@0.7.2 into /usr/local/lib
41 info installOne fis-plus@0.7.2
42 verbose lib/node_modules/fis-plus unbuild
43 verbose tar unpack /home/vein/.npm/fis-plus/0.7.2/package.tgz
44 silly lockFile 74e0e9d1--local-lib-node-modules-fis-plus tar:///usr/local/lib/node_modules/fis-plus
45 verbose lock tar:///usr/local/lib/node_modules/fis-plus /home/vein/.npm/74e0e9d1--local-lib-node-modules-fis-plus.lock
46 silly lockFile 216ed04d-n-npm-fis-plus-0-7-2-package-tgz tar:///home/vein/.npm/fis-plus/0.7.2/package.tgz
47 verbose lock tar:///home/vein/.npm/fis-plus/0.7.2/package.tgz /home/vein/.npm/216ed04d-n-npm-fis-plus-0-7-2-package-tgz.lock
48 silly gunzTarPerm modes [ '775', '664' ]
49 error Error: EACCES, mkdir '/usr/local/lib/node_modules/fis-plus'
49 error  { [Error: EACCES, mkdir '/usr/local/lib/node_modules/fis-plus']
49 error   errno: 3,
49 error   code: 'EACCES',
49 error   path: '/usr/local/lib/node_modules/fis-plus',
49 error   fstream_type: 'Directory',
49 error   fstream_path: '/usr/local/lib/node_modules/fis-plus',
49 error   fstream_class: 'DirWriter',
49 error   fstream_stack:
49 error    [ '/usr/local/lib/node_modules/npm/node_modules/fstream/lib/dir-writer.js:36:23',
49 error      '/usr/local/lib/node_modules/npm/node_modules/mkdirp/index.js:46:53',
49 error      'Object.oncomplete (fs.js:107:15)' ] }
50 error Please try running this command again as root/Administrator.
51 error System Linux 3.13.0-43-generic
52 error command "/usr/local/bin/node" "/usr/local/bin/npm" "install" "-g" "fis-plus"
53 error cwd /home/vein/graduate/estin/CodeIgniter/fis
54 error node -v v0.10.33
55 error npm -v 1.4.28
56 error path /usr/local/lib/node_modules/fis-plus
57 error fstream_path /usr/local/lib/node_modules/fis-plus
58 error fstream_type Directory
59 error fstream_class DirWriter
60 error code EACCES
61 error errno 3
62 error stack Error: EACCES, mkdir '/usr/local/lib/node_modules/fis-plus'
63 error fstream_stack /usr/local/lib/node_modules/npm/node_modules/fstream/lib/dir-writer.js:36:23
63 error fstream_stack /usr/local/lib/node_modules/npm/node_modules/mkdirp/index.js:46:53
63 error fstream_stack Object.oncomplete (fs.js:107:15)
64 verbose exit [ 3, true ]
