0 info it worked if it ends with ok
1 verbose cli [ '/usr/local/bin/node',
1 verbose cli   '/usr/local/bin/npm',
1 verbose cli   'link',
1 verbose cli   'UglifyJS2/' ]
2 info using npm@1.4.28
3 info using node@v0.10.33
4 verbose linkPkg /home/vein/myTP/front_server/UglifyJS2
5 error Error: EACCES, symlink '/home/vein/myTP/front_server/UglifyJS2'
5 error  { [Error: EACCES, symlink '/home/vein/myTP/front_server/UglifyJS2']
5 error   errno: 3,
5 error   code: 'EACCES',
5 error   path: '/home/vein/myTP/front_server/UglifyJS2' }
6 error Please try running this command again as root/Administrator.
7 error System Linux 3.13.0-43-generic
8 error command "/usr/local/bin/node" "/usr/local/bin/npm" "link" "UglifyJS2/"
9 error cwd /home/vein/myTP/front_server
10 error node -v v0.10.33
11 error npm -v 1.4.28
12 error path /home/vein/myTP/front_server/UglifyJS2
13 error code EACCES
14 error errno 3
15 error stack Error: EACCES, symlink '/home/vein/myTP/front_server/UglifyJS2'
16 verbose exit [ 3, true ]
